app/manifest-merger-release-report.txt
-- Merging decision tree log ---
manifest
ADDED from AndroidManifest.xml:2:1
	package
		ADDED from AndroidManifest.xml:3:5
		INJECTED from AndroidManifest.xml:0:0
		INJECTED from AndroidManifest.xml:0:0
	android:versionName
		ADDED from AndroidManifest.xml:5:5
	android:versionCode
		ADDED from AndroidManifest.xml:4:5
		INJECTED from AndroidManifest.xml:0:0
		INJECTED from AndroidManifest.xml:0:0
	xmlns:android
		ADDED from AndroidManifest.xml:2:11
uses-permission#android.permission.INTERNET
ADDED from AndroidManifest.xml:7:5
	android:name
		ADDED from AndroidManifest.xml:7:22
uses-permission#android.permission.WRITE_EXTERNAL_STORAGE
ADDED from AndroidManifest.xml:8:5
	android:name
		ADDED from AndroidManifest.xml:8:22
uses-permission#android.permission.RECORD_AUDIO
ADDED from AndroidManifest.xml:9:5
	android:name
		ADDED from AndroidManifest.xml:9:22
uses-permission#android.permission.VIBRATE
ADDED from AndroidManifest.xml:10:4
	android:name
		ADDED from AndroidManifest.xml:10:21
application
ADDED from AndroidManifest.xml:12:5
MERGED from com.android.support:support-v4:21.0.3:16:5
	android:label
		ADDED from AndroidManifest.xml:15:9
	android:allowBackup
		ADDED from AndroidManifest.xml:13:9
	android:icon
		ADDED from AndroidManifest.xml:14:9
	android:theme
		ADDED from AndroidManifest.xml:16:9
service#com.rhino.foscam.service.AlarmService
ADDED from AndroidManifest.xml:18:9
	android:exported
		ADDED from AndroidManifest.xml:20:10
	android:name
		ADDED from AndroidManifest.xml:19:10
activity#com.rhino.foscam.WelcomeScreenActivity
ADDED from AndroidManifest.xml:22:9
	android:screenOrientation
		ADDED from AndroidManifest.xml:25:13
	android:label
		ADDED from AndroidManifest.xml:24:13
	android:theme
		ADDED from AndroidManifest.xml:26:13
	android:name
		ADDED from AndroidManifest.xml:23:13
intent-filter#android.intent.action.MAIN+android.intent.category.LAUNCHER
ADDED from AndroidManifest.xml:27:13
action#android.intent.action.MAIN
ADDED from AndroidManifest.xml:28:17
	android:name
		ADDED from AndroidManifest.xml:28:25
category#android.intent.category.LAUNCHER
ADDED from AndroidManifest.xml:29:17
	android:name
		ADDED from AndroidManifest.xml:29:27
activity#com.rhino.foscam.MainMenuActivity
ADDED from AndroidManifest.xml:33:9
	android:screenOrientation
		ADDED from AndroidManifest.xml:36:13
	android:label
		ADDED from AndroidManifest.xml:35:13
	android:theme
		ADDED from AndroidManifest.xml:37:13
	android:name
		ADDED from AndroidManifest.xml:34:13
activity#com.rhino.foscam.activity.sd.CameraMenuActivity
ADDED from AndroidManifest.xml:40:9
	android:screenOrientation
		ADDED from AndroidManifest.xml:43:10
	android:label
		ADDED from AndroidManifest.xml:42:10
	android:theme
		ADDED from AndroidManifest.xml:44:10
	android:name
		ADDED from AndroidManifest.xml:41:10
activity#com.rhino.foscam.activity.hd.CameraMenuActivity
ADDED from AndroidManifest.xml:47:9
	android:screenOrientation
		ADDED from AndroidManifest.xml:50:10
	android:label
		ADDED from AndroidManifest.xml:49:10
	android:theme
		ADDED from AndroidManifest.xml:51:10
	android:name
		ADDED from AndroidManifest.xml:48:10
activity#com.rhino.foscam.activity.sd.CameraLogActivity
ADDED from AndroidManifest.xml:54:9
	android:screenOrientation
		ADDED from AndroidManifest.xml:57:10
	android:label
		ADDED from AndroidManifest.xml:56:10
	android:theme
		ADDED from AndroidManifest.xml:58:10
	android:name
		ADDED from AndroidManifest.xml:55:10
activity#com.rhino.foscam.activity.hd.CameraLogActivity
ADDED from AndroidManifest.xml:61:9
	android:screenOrientation
		ADDED from AndroidManifest.xml:64:10
	android:label
		ADDED from AndroidManifest.xml:63:10
	android:theme
		ADDED from AndroidManifest.xml:65:10
	android:name
		ADDED from AndroidManifest.xml:62:10
activity#com.rhino.foscam.activity.sd.CameraAliasActivity
ADDED from AndroidManifest.xml:68:9
	android:screenOrientation
		ADDED from AndroidManifest.xml:71:10
	android:label
		ADDED from AndroidManifest.xml:70:13
	android:theme
		ADDED from AndroidManifest.xml:72:10
	android:name
		ADDED from AndroidManifest.xml:69:13
activity#com.rhino.foscam.activity.hd.CameraAliasActivity
ADDED from AndroidManifest.xml:75:9
	android:screenOrientation
		ADDED from AndroidManifest.xml:78:10
	android:label
		ADDED from AndroidManifest.xml:77:13
	android:theme
		ADDED from AndroidManifest.xml:79:10
	android:name
		ADDED from AndroidManifest.xml:76:13
activity#com.rhino.foscam.activity.sd.DateTimeSettingsActivity
ADDED from AndroidManifest.xml:82:9
	android:screenOrientation
		ADDED from AndroidManifest.xml:85:10
	android:label
		ADDED from AndroidManifest.xml:84:10
	android:theme
		ADDED from AndroidManifest.xml:86:10
	android:name
		ADDED from AndroidManifest.xml:83:10
activity#com.rhino.foscam.activity.sd.ManageUsersActivity
ADDED from AndroidManifest.xml:89:9
	android:screenOrientation
		ADDED from AndroidManifest.xml:92:10
	android:label
		ADDED from AndroidManifest.xml:91:8
	android:theme
		ADDED from AndroidManifest.xml:93:10
	android:name
		ADDED from AndroidManifest.xml:90:8
activity#com.rhino.foscam.activity.sd.FTPSettingsActivity
ADDED from AndroidManifest.xml:96:9
	android:screenOrientation
		ADDED from AndroidManifest.xml:99:10
	android:label
		ADDED from AndroidManifest.xml:98:10
	android:theme
		ADDED from AndroidManifest.xml:100:10
	android:name
		ADDED from AndroidManifest.xml:97:10
activity#com.rhino.foscam.activity.sd.MailSettingsActivity
ADDED from AndroidManifest.xml:103:9
	android:screenOrientation
		ADDED from AndroidManifest.xml:106:10
	android:label
		ADDED from AndroidManifest.xml:105:13
	android:theme
		ADDED from AndroidManifest.xml:107:10
	android:name
		ADDED from AndroidManifest.xml:104:13
activity#com.rhino.foscam.activity.sd.PTSettingsActivity
ADDED from AndroidManifest.xml:110:9
	android:screenOrientation
		ADDED from AndroidManifest.xml:113:10
	android:label
		ADDED from AndroidManifest.xml:112:10
	android:theme
		ADDED from AndroidManifest.xml:114:10
	android:name
		ADDED from AndroidManifest.xml:111:10
activity#com.rhino.foscam.activity.sd.AlarmSettingsActivity
ADDED from AndroidManifest.xml:117:9
	android:screenOrientation
		ADDED from AndroidManifest.xml:120:10
	android:label
		ADDED from AndroidManifest.xml:119:10
	android:theme
		ADDED from AndroidManifest.xml:121:10
	android:name
		ADDED from AndroidManifest.xml:118:10
activity#com.rhino.foscam.activity.sd.SnapshotActivity
ADDED from AndroidManifest.xml:124:4
	android:screenOrientation
		ADDED from AndroidManifest.xml:127:10
	android:label
		ADDED from AndroidManifest.xml:126:10
	android:theme
		ADDED from AndroidManifest.xml:128:10
	android:name
		ADDED from AndroidManifest.xml:125:10
activity#com.rhino.foscam.activity.sd.LiveFeedActivity
ADDED from AndroidManifest.xml:131:9
	android:screenOrientation
		ADDED from AndroidManifest.xml:134:10
	android:label
		ADDED from AndroidManifest.xml:133:10
	android:theme
		ADDED from AndroidManifest.xml:135:10
	android:name
		ADDED from AndroidManifest.xml:132:10
activity#com.rhino.foscam.NotificationSettingsActivity
ADDED from AndroidManifest.xml:138:9
	android:screenOrientation
		ADDED from AndroidManifest.xml:141:10
	android:label
		ADDED from AndroidManifest.xml:140:10
	android:theme
		ADDED from AndroidManifest.xml:142:10
	android:name
		ADDED from AndroidManifest.xml:139:13
activity#com.rhino.foscam.AlarmSnapshotsActivity
ADDED from AndroidManifest.xml:145:9
	android:screenOrientation
		ADDED from AndroidManifest.xml:148:10
	android:label
		ADDED from AndroidManifest.xml:147:10
	android:theme
		ADDED from AndroidManifest.xml:149:10
	android:name
		ADDED from AndroidManifest.xml:146:10
uses-sdk
INJECTED from AndroidManifest.xml:0:0 reason: use-sdk injection requested
MERGED from com.android.support:support-v4:21.0.3:15:5
	android:targetSdkVersion
		INJECTED from AndroidManifest.xml:0:0
		INJECTED from AndroidManifest.xml:0:0
	android:minSdkVersion
		INJECTED from AndroidManifest.xml:0:0
		INJECTED from AndroidManifest.xml:0:0